0 info it worked if it ends with ok
1 verbose cli [ '/Users/tomascorralcasas/.nvm/v0.10.36/bin/node',
1 verbose cli   '/Users/tomascorralcasas/.nvm/v0.10.36/bin/npm',
1 verbose cli   'install' ]
2 info using npm@1.4.28
3 info using node@v0.10.36
4 warn package.json test@0.1.0 No description
5 warn package.json test@0.1.0 No repository field.
6 warn package.json test@0.1.0 No README data
7 verbose readDependencies using package.json deps
8 verbose install where, deps [ '/Users/tomascorralcasas/WebStormProjects/side_ng3',
8 verbose install   [ 'ronin', 'ukko' ] ]
9 info preinstall test@0.1.0
10 verbose readDependencies using package.json deps
11 verbose already installed skipping ronin@^0.1.2 /Users/tomascorralcasas/WebStormProjects/side_ng3
12 verbose cache add [ 'ukko@0.0.1', null ]
13 verbose cache add name=undefined spec="ukko@0.0.1" args=["ukko@0.0.1",null]
14 verbose parsed url { protocol: null,
14 verbose parsed url   slashes: null,
14 verbose parsed url   auth: null,
14 verbose parsed url   host: null,
14 verbose parsed url   port: null,
14 verbose parsed url   hostname: null,
14 verbose parsed url   hash: null,
14 verbose parsed url   search: null,
14 verbose parsed url   query: null,
14 verbose parsed url   pathname: 'ukko@0.0.1',
14 verbose parsed url   path: 'ukko@0.0.1',
14 verbose parsed url   href: 'ukko@0.0.1' }
15 verbose cache add name="ukko" spec="0.0.1" args=["ukko","0.0.1"]
16 verbose parsed url { protocol: null,
16 verbose parsed url   slashes: null,
16 verbose parsed url   auth: null,
16 verbose parsed url   host: null,
16 verbose parsed url   port: null,
16 verbose parsed url   hostname: null,
16 verbose parsed url   hash: null,
16 verbose parsed url   search: null,
16 verbose parsed url   query: null,
16 verbose parsed url   pathname: '0.0.1',
16 verbose parsed url   path: '0.0.1',
16 verbose parsed url   href: '0.0.1' }
17 verbose addNamed [ 'ukko', '0.0.1' ]
18 verbose addNamed [ '0.0.1', '0.0.1' ]
19 silly lockFile 566ee77c-ukko-0-0-1 ukko@0.0.1
20 verbose lock ukko@0.0.1 /Users/tomascorralcasas/.npm/566ee77c-ukko-0-0-1.lock
21 verbose request where is /ukko
22 verbose request registry https://registry.npmjs.org/
23 verbose request id 5c898d84debb029e
24 verbose url raw /ukko
25 verbose url resolving [ 'https://registry.npmjs.org/', './ukko' ]
26 verbose url resolved https://registry.npmjs.org/ukko
27 verbose request where is https://registry.npmjs.org/ukko
28 info trying registry request attempt 1 at 13:16:10
29 http GET https://registry.npmjs.org/ukko
30 http 404 https://registry.npmjs.org/ukko
31 verbose headers { date: 'Sun, 05 Apr 2015 11:16:11 GMT',
31 verbose headers   server: 'CouchDB/1.5.0 (Erlang OTP/R16B03)',
31 verbose headers   'content-type': 'application/json',
31 verbose headers   'cache-control': 'max-age=0',
31 verbose headers   'content-length': '51',
31 verbose headers   'accept-ranges': 'bytes',
31 verbose headers   via: '1.1 varnish',
31 verbose headers   age: '0',
31 verbose headers   'x-served-by': 'cache-ams4146-AMS',
31 verbose headers   'x-cache': 'MISS',
31 verbose headers   'x-cache-hits': '0',
31 verbose headers   'x-timer': 'S1428232570.741584,VS0,VE652',
31 verbose headers   'keep-alive': 'timeout=10, max=50',
31 verbose headers   connection: 'Keep-Alive' }
32 silly registry.get cb [ 404,
32 silly registry.get   { date: 'Sun, 05 Apr 2015 11:16:11 GMT',
32 silly registry.get     server: 'CouchDB/1.5.0 (Erlang OTP/R16B03)',
32 silly registry.get     'content-type': 'application/json',
32 silly registry.get     'cache-control': 'max-age=0',
32 silly registry.get     'content-length': '51',
32 silly registry.get     'accept-ranges': 'bytes',
32 silly registry.get     via: '1.1 varnish',
32 silly registry.get     age: '0',
32 silly registry.get     'x-served-by': 'cache-ams4146-AMS',
32 silly registry.get     'x-cache': 'MISS',
32 silly registry.get     'x-cache-hits': '0',
32 silly registry.get     'x-timer': 'S1428232570.741584,VS0,VE652',
32 silly registry.get     'keep-alive': 'timeout=10, max=50',
32 silly registry.get     connection: 'Keep-Alive' } ]
33 silly lockFile 566ee77c-ukko-0-0-1 ukko@0.0.1
34 silly lockFile 566ee77c-ukko-0-0-1 ukko@0.0.1
35 error 404 404 Not Found: ukko
35 error 404
35 error 404 'ukko' is not in the npm registry.
35 error 404 You should bug the author to publish it
35 error 404 It was specified as a dependency of 'test'
35 error 404
35 error 404 Note that you can also install from a
35 error 404 tarball, folder, or http url, or git url.
36 error System Darwin 14.1.0
37 error command "/Users/tomascorralcasas/.nvm/v0.10.36/bin/node" "/Users/tomascorralcasas/.nvm/v0.10.36/bin/npm" "install"
38 error cwd /Users/tomascorralcasas/WebStormProjects/side_ng3
39 error node -v v0.10.36
40 error npm -v 1.4.28
41 error code E404
42 verbose exit [ 1, true ]
